+gso.exe,62,d
+cursit.dll,62,d
+trader.dll,62,d
+symbols.xml,1,
+language\russian.lng,40,
+language\english.lng,40,
+plugin\Clock.dll,2,
+indicators\toolbox.dll,28,
+indicators\mt4prov\toolbox.xml,9,
+mqltemplate\gordago.mq4,3,
+mqltemplate\max_risk.mq4,2,
+brokers\libeay32.dll,1,
+brokers\ssleay32.dll,1,
+brokers\IFXMarkets.dll,4,
+brokers\IFXMarketsA.dll,4, 
+brokers\IFXMarketsLib.dll,4,
+sound\aesc007.wav,1,
+sound\cannon.wav,1,
+sound\esc001.wav,1,
+sound\email.wav,1,
+strategy\sample.gso,2,
+strategy\dll\TestStrategy.dll,2,
+indicators\images\c.gif,1,
+indicators\images\h.gif,1,
+indicators\images\i.gif,1,
+indicators\images\l.gif,1,
+indicators\images\m.gif,1,
+indicators\images\n.gif,1,
+indicators\images\o.gif,1,
+indicators\images\t.gif,1,
+indicators\images\v.gif,1,
+indicators\images\w.gif,1,
+resources\loading.gif,1,
+resources\b.gif,1,
+resources\be.gif,1,
+resources\f.gif,1,
+resources\i.gif,1,
+resources\no.gif,1,
+resources\ok.gif,1,
+resources\pause.gif,1,
+resources\s.gif,1,
+resources\se.gif,1,
+resources\start.gif,1,
+resources\stop.gif,1,